d:\sw_arch\gmockexamples\gmocknew\x64\debug\vc143.pdb
d:\sw_arch\gmockexamples\gmocknew\x64\debug\turtle.obj
d:\sw_arch\gmockexamples\gmocknew\x64\debug\test.obj
d:\sw_arch\gmockexamples\gmocknew\x64\debug\realobject.obj
d:\sw_arch\gmockexamples\gmocknew\x64\debug\game.obj
d:\sw_arch\gmockexamples\gmocknew\x64\debug\catgame.obj
d:\sw_arch\gmockexamples\gmocknew\x64\debug\cat.obj
d:\sw_arch\gmockexamples\gmocknew\x64\debug\gmock-all.obj
d:\sw_arch\gmockexamples\gmocknew\x64\debug\gtest-all.obj
d:\sw_arch\gmockexamples\gmocknew\x64\debug\sum.obj
d:\sw_arch\gmockexamples\x64\debug\gtest.pdb
d:\sw_arch\gmockexamples\x64\debug\gtest_main.pdb
d:\sw_arch\gmockexamples\x64\debug\gmocknew.exe
d:\sw_arch\gmockexamples\x64\debug\gmocknew.ilk
d:\sw_arch\gmockexamples\x64\debug\gmocknew.pdb
d:\sw_arch\gmockexamples\gmocknew\x64\debug\gmocknew.tlog\cl.command.1.tlog
d:\sw_arch\gmockexamples\gmocknew\x64\debug\gmocknew.tlog\cl.read.1.tlog
d:\sw_arch\gmockexamples\gmocknew\x64\debug\gmocknew.tlog\cl.write.1.tlog
d:\sw_arch\gmockexamples\gmocknew\x64\debug\gmocknew.tlog\copylocal.read.1u.tlog
d:\sw_arch\gmockexamples\gmocknew\x64\debug\gmocknew.tlog\copylocal.write.1u.tlog
d:\sw_arch\gmockexamples\gmocknew\x64\debug\gmocknew.tlog\link.command.1.tlog
d:\sw_arch\gmockexamples\gmocknew\x64\debug\gmocknew.tlog\link.read.1.tlog
d:\sw_arch\gmockexamples\gmocknew\x64\debug\gmocknew.tlog\link.write.1.tlog
